Traceback (most recent call last):
  File "/mnt/anpei/Sibo/Baseline/GenFusion/Reconstruction/train.py", line 13, in <module>
    import torch
  File "/mnt/miniconda3/envs/GenFusion/lib/python3.11/site-packages/torch/__init__.py", line 1750, in <module>
    from . import _meta_registrations
  File "/mnt/miniconda3/envs/GenFusion/lib/python3.11/site-packages/torch/_meta_registrations.py", line 8, in <module>
    from torch._decomp import (
  File "/mnt/miniconda3/envs/GenFusion/lib/python3.11/site-packages/torch/_decomp/__init__.py", line 190, in <module>
    import torch._decomp.decompositions
  File "/mnt/miniconda3/envs/GenFusion/lib/python3.11/site-packages/torch/_decomp/decompositions.py", line 2044, in <module>
    @register_decomposition(aten.index_add)
     ^^^^^^^^^^^^^^^^^^^^^^^^^^^^^^^^^^^^^^
  File "/mnt/miniconda3/envs/GenFusion/lib/python3.11/site-packages/torch/_decomp/__init__.py", line 133, in decomposition_decorator
    tree_map(register, aten_op)
  File "/mnt/miniconda3/envs/GenFusion/lib/python3.11/site-packages/torch/utils/_pytree.py", line 283, in tree_map
    return tree_unflatten([fn(i) for i in flat_args], spec)
                          ^^^^^^^^^^^^^^^^^^^^^^^^^^
  File "/mnt/miniconda3/envs/GenFusion/lib/python3.11/site-packages/torch/utils/_pytree.py", line 283, in <listcomp>
    return tree_unflatten([fn(i) for i in flat_args], spec)
                           ^^^^^
  File "/mnt/miniconda3/envs/GenFusion/lib/python3.11/site-packages/torch/_decomp/__init__.py", line 130, in register
    _add_op_to_registry(registry, op, fn)
  File "/mnt/miniconda3/envs/GenFusion/lib/python3.11/site-packages/torch/_decomp/__init__.py", line 44, in _add_op_to_registry
    overloads.append(getattr(op, ol))
                     ^^^^^^^^^^^^^^^
  File "/mnt/miniconda3/envs/GenFusion/lib/python3.11/site-packages/torch/_ops.py", line 676, in __getattr__
    setattr(self, key, overload)
KeyboardInterrupt
