Traceback (most recent call last):
  File "train.py", line 14, in <module>
    import lpips
  File "/home/ubuntu/miniconda3/envs/2dgs/lib/python3.8/site-packages/lpips/__init__.py", line 11, in <module>
    from lpips.lpips import *
  File "/home/ubuntu/miniconda3/envs/2dgs/lib/python3.8/site-packages/lpips/lpips.py", line 9, in <module>
    from . import pretrained_networks as pn
  File "/home/ubuntu/miniconda3/envs/2dgs/lib/python3.8/site-packages/lpips/pretrained_networks.py", line 3, in <module>
    from torchvision import models as tv
  File "/home/ubuntu/miniconda3/envs/2dgs/lib/python3.8/site-packages/torchvision/__init__.py", line 6, in <module>
    from torchvision import _meta_registrations, datasets, io, models, ops, transforms, utils
  File "/home/ubuntu/miniconda3/envs/2dgs/lib/python3.8/site-packages/torchvision/datasets/__init__.py", line 1, in <module>
    from ._optical_flow import FlyingChairs, FlyingThings3D, HD1K, KittiFlow, Sintel
  File "/home/ubuntu/miniconda3/envs/2dgs/lib/python3.8/site-packages/torchvision/datasets/_optical_flow.py", line 10, in <module>
    from PIL import Image
  File "/home/ubuntu/miniconda3/envs/2dgs/lib/python3.8/site-packages/PIL/Image.py", line 58, in <module>
    from . import (
  File "/home/ubuntu/miniconda3/envs/2dgs/lib/python3.8/site-packages/PIL/ExifTags.py", line 21, in <module>
    class Base(IntEnum):
  File "/home/ubuntu/miniconda3/envs/2dgs/lib/python3.8/enum.py", line 256, in __new__
    if canonical_member._value_ == enum_member._value_:
KeyboardInterrupt
